<?xml version="1.0" encoding="UTF-8"?>
<!-- Generated by org.testng.reporters.JUnitReportReporter -->
<testsuite hostname="Anmol-PC" failures="0" tests="1" name="test.EndtoEnd" time="16.908" errors="0" timestamp="18 Dec 2022 13:56:53 GMT" skipped="0">
  <testcase classname="test.EndtoEnd" name="test1" time="16.908"/>
</testsuite> <!-- test.EndtoEnd -->
